{"name":"hexo","hostname":"Lenovo-PC","pid":11236,"level":20,"msg":"Hexo version: 3.2.0","time":"2017-05-21T14:00:45.476Z","v":0}
{"name":"hexo","hostname":"Lenovo-PC","pid":11236,"level":20,"msg":"Working directory: B:\\nodejs_git\\blog\\","time":"2017-05-21T14:00:45.480Z","v":0}
{"name":"hexo","hostname":"Lenovo-PC","pid":11236,"level":20,"msg":"Config loaded: B:\\nodejs_git\\blog\\_config.yml","time":"2017-05-21T14:00:45.614Z","v":0}
{"name":"hexo","hostname":"Lenovo-PC","pid":11236,"level":20,"msg":"Plugin loaded: hexo-deployer-git","time":"2017-05-21T14:00:45.632Z","v":0}
{"name":"hexo","hostname":"Lenovo-PC","pid":11236,"level":20,"msg":"Plugin loaded: hexo-generator-category","time":"2017-05-21T14:00:45.636Z","v":0}
{"name":"hexo","hostname":"Lenovo-PC","pid":11236,"level":20,"msg":"Plugin loaded: hexo-generator-archive","time":"2017-05-21T14:00:45.638Z","v":0}
{"name":"hexo","hostname":"Lenovo-PC","pid":11236,"level":20,"msg":"Plugin loaded: hexo-generator-index","time":"2017-05-21T14:00:45.641Z","v":0}
{"name":"hexo","hostname":"Lenovo-PC","pid":11236,"level":20,"msg":"Plugin loaded: hexo-generator-tag","time":"2017-05-21T14:00:45.645Z","v":0}
{"name":"hexo","hostname":"Lenovo-PC","pid":11236,"level":20,"msg":"Plugin loaded: hexo-renderer-marked","time":"2017-05-21T14:00:45.657Z","v":0}
{"name":"hexo","hostname":"Lenovo-PC","pid":11236,"level":20,"msg":"Plugin loaded: hexo-renderer-stylus","time":"2017-05-21T14:00:45.661Z","v":0}
{"name":"hexo","hostname":"Lenovo-PC","pid":11236,"level":20,"msg":"Plugin loaded: hexo-renderer-ejs","time":"2017-05-21T14:00:45.665Z","v":0}
{"name":"hexo","hostname":"Lenovo-PC","pid":11236,"level":20,"msg":"Plugin loaded: hexo-server","time":"2017-05-21T14:00:45.738Z","v":0}
{"name":"hexo","hostname":"Lenovo-PC","pid":11236,"level":20,"msg":"Script loaded: themes\\next\\scripts\\tags\\center-quote.js","time":"2017-05-21T14:00:45.738Z","v":0}
{"name":"hexo","hostname":"Lenovo-PC","pid":11236,"level":20,"msg":"Script loaded: themes\\next\\scripts\\merge-configs.js","time":"2017-05-21T14:00:45.743Z","v":0}
{"name":"hexo","hostname":"Lenovo-PC","pid":11236,"level":20,"msg":"Script loaded: themes\\next\\scripts\\tags\\button.js","time":"2017-05-21T14:00:45.743Z","v":0}
{"name":"hexo","hostname":"Lenovo-PC","pid":11236,"level":20,"msg":"Script loaded: themes\\next\\scripts\\tags\\exturl.js","time":"2017-05-21T14:00:45.744Z","v":0}
{"name":"hexo","hostname":"Lenovo-PC","pid":11236,"level":20,"msg":"Script loaded: themes\\next\\scripts\\merge.js","time":"2017-05-21T14:00:45.747Z","v":0}
{"name":"hexo","hostname":"Lenovo-PC","pid":11236,"level":20,"msg":"Script loaded: themes\\next\\scripts\\tags\\full-image.js","time":"2017-05-21T14:00:45.747Z","v":0}
{"name":"hexo","hostname":"Lenovo-PC","pid":11236,"level":20,"msg":"Script loaded: themes\\next\\scripts\\tags\\note.js","time":"2017-05-21T14:00:45.748Z","v":0}
{"name":"hexo","hostname":"Lenovo-PC","pid":11236,"level":20,"msg":"Script loaded: themes\\next\\scripts\\tags\\group-pictures.js","time":"2017-05-21T14:00:45.749Z","v":0}
{"name":"hexo","hostname":"Lenovo-PC","pid":11236,"level":20,"msg":"Loading database.","time":"2017-05-21T14:00:45.762Z","v":0}
{"name":"hexo","hostname":"Lenovo-PC","pid":11236,"level":30,"msg":"Start processing","time":"2017-05-21T14:00:45.892Z","v":0}
{"name":"hexo","hostname":"Lenovo-PC","pid":11236,"level":20,"msg":"Processed: Staticfile","time":"2017-05-21T14:00:45.953Z","v":0}
{"name":"hexo","hostname":"Lenovo-PC","pid":11236,"level":20,"msg":"Processed: _posts/Springdingshiqi.md","time":"2017-05-21T14:00:46.035Z","v":0}
{"name":"hexo","hostname":"Lenovo-PC","pid":11236,"level":20,"msg":"Processed: _posts/hello-world.md","time":"2017-05-21T14:00:46.035Z","v":0}
{"name":"hexo","hostname":"Lenovo-PC","pid":11236,"level":20,"msg":"Processed: _posts/maxSubArray.md","time":"2017-05-21T14:00:46.036Z","v":0}
{"name":"hexo","hostname":"Lenovo-PC","pid":11236,"level":20,"msg":"Processed: _posts/my-new-post.md","time":"2017-05-21T14:00:46.036Z","v":0}
{"name":"hexo","hostname":"Lenovo-PC","pid":11236,"level":20,"msg":"Processed: _posts/weixin_chengweikaifazhe.md","time":"2017-05-21T14:00:46.041Z","v":0}
{"name":"hexo","hostname":"Lenovo-PC","pid":11236,"level":20,"msg":"Processed: _posts/weixin_jieshoubinghuifuwenbenxiaoxi.md","time":"2017-05-21T14:00:46.042Z","v":0}
{"name":"hexo","hostname":"Lenovo-PC","pid":11236,"level":20,"msg":"Processed: _posts/debug.log","time":"2017-05-21T14:00:46.045Z","v":0}
{"name":"hexo","hostname":"Lenovo-PC","pid":11236,"level":20,"msg":"Theme config loaded.","time":"2017-05-21T14:00:46.114Z","v":0}
{"name":"hexo","hostname":"Lenovo-PC","pid":11236,"level":20,"msg":"Processed: _config.yml","time":"2017-05-21T14:00:46.119Z","v":0}
{"name":"hexo","hostname":"Lenovo-PC","pid":11236,"level":20,"msg":"Processed: source/css/main.styl","time":"2017-05-21T14:00:46.119Z","v":0}
{"name":"hexo","hostname":"Lenovo-PC","pid":11236,"level":20,"msg":"Processed: source/images/avatar.gif","time":"2017-05-21T14:00:46.121Z","v":0}
{"name":"hexo","hostname":"Lenovo-PC","pid":11236,"level":20,"msg":"Processed: source/images/algolia_logo.svg","time":"2017-05-21T14:00:46.121Z","v":0}
{"name":"hexo","hostname":"Lenovo-PC","pid":11236,"level":20,"msg":"Processed: source/images/cc-by-nc-nd.svg","time":"2017-05-21T14:00:46.121Z","v":0}
{"name":"hexo","hostname":"Lenovo-PC","pid":11236,"level":20,"msg":"Processed: source/images/cc-by-nc-sa.svg","time":"2017-05-21T14:00:46.122Z","v":0}
{"name":"hexo","hostname":"Lenovo-PC","pid":11236,"level":20,"msg":"Processed: source/images/cc-by-nc.svg","time":"2017-05-21T14:00:46.122Z","v":0}
{"name":"hexo","hostname":"Lenovo-PC","pid":11236,"level":20,"msg":"Processed: source/images/cc-by-nd.svg","time":"2017-05-21T14:00:46.122Z","v":0}
{"name":"hexo","hostname":"Lenovo-PC","pid":11236,"level":20,"msg":"Processed: source/images/cc-by-sa.svg","time":"2017-05-21T14:00:46.122Z","v":0}
{"name":"hexo","hostname":"Lenovo-PC","pid":11236,"level":20,"msg":"Processed: source/images/cc-by.svg","time":"2017-05-21T14:00:46.123Z","v":0}
{"name":"hexo","hostname":"Lenovo-PC","pid":11236,"level":20,"msg":"Processed: source/images/cc-zero.svg","time":"2017-05-21T14:00:46.123Z","v":0}
{"name":"hexo","hostname":"Lenovo-PC","pid":11236,"level":20,"msg":"Processed: source/images/loading.gif","time":"2017-05-21T14:00:46.123Z","v":0}
{"name":"hexo","hostname":"Lenovo-PC","pid":11236,"level":20,"msg":"Processed: source/images/placeholder.gif","time":"2017-05-21T14:00:46.124Z","v":0}
{"name":"hexo","hostname":"Lenovo-PC","pid":11236,"level":20,"msg":"Processed: source/images/quote-l.svg","time":"2017-05-21T14:00:46.124Z","v":0}
{"name":"hexo","hostname":"Lenovo-PC","pid":11236,"level":20,"msg":"Processed: source/images/quote-r.svg","time":"2017-05-21T14:00:46.125Z","v":0}
{"name":"hexo","hostname":"Lenovo-PC","pid":11236,"level":20,"msg":"Processed: source/images/searchicon.png","time":"2017-05-21T14:00:46.125Z","v":0}
{"name":"hexo","hostname":"Lenovo-PC","pid":11236,"level":20,"msg":"Processed: layout/archive.swig","time":"2017-05-21T14:00:46.318Z","v":0}
{"name":"hexo","hostname":"Lenovo-PC","pid":11236,"level":20,"msg":"Processed: layout/_layout.swig","time":"2017-05-21T14:00:46.318Z","v":0}
{"name":"hexo","hostname":"Lenovo-PC","pid":11236,"level":20,"msg":"Processed: layout/index.swig","time":"2017-05-21T14:00:46.318Z","v":0}
{"name":"hexo","hostname":"Lenovo-PC","pid":11236,"level":20,"msg":"Processed: layout/category.swig","time":"2017-05-21T14:00:46.319Z","v":0}
{"name":"hexo","hostname":"Lenovo-PC","pid":11236,"level":20,"msg":"Processed: layout/post.swig","time":"2017-05-21T14:00:46.319Z","v":0}
{"name":"hexo","hostname":"Lenovo-PC","pid":11236,"level":20,"msg":"Processed: layout/page.swig","time":"2017-05-21T14:00:46.319Z","v":0}
{"name":"hexo","hostname":"Lenovo-PC","pid":11236,"level":20,"msg":"Processed: layout/tag.swig","time":"2017-05-21T14:00:46.319Z","v":0}
{"name":"hexo","hostname":"Lenovo-PC","pid":11236,"level":20,"msg":"Processed: layout/schedule.swig","time":"2017-05-21T14:00:46.319Z","v":0}
{"name":"hexo","hostname":"Lenovo-PC","pid":11236,"level":20,"msg":"Processed: _posts/SOAP.md","time":"2017-05-21T14:00:46.337Z","v":0}
{"name":"hexo","hostname":"Lenovo-PC","pid":11236,"level":20,"msg":"Processed: languages/default.yml","time":"2017-05-21T14:00:46.337Z","v":0}
{"name":"hexo","hostname":"Lenovo-PC","pid":11236,"level":20,"msg":"Processed: languages/de.yml","time":"2017-05-21T14:00:46.338Z","v":0}
{"name":"hexo","hostname":"Lenovo-PC","pid":11236,"level":20,"msg":"Processed: languages/fr-FR.yml","time":"2017-05-21T14:00:46.338Z","v":0}
{"name":"hexo","hostname":"Lenovo-PC","pid":11236,"level":20,"msg":"Processed: languages/id.yml","time":"2017-05-21T14:00:46.338Z","v":0}
{"name":"hexo","hostname":"Lenovo-PC","pid":11236,"level":20,"msg":"Processed: languages/en.yml","time":"2017-05-21T14:00:46.338Z","v":0}
{"name":"hexo","hostname":"Lenovo-PC","pid":11236,"level":20,"msg":"Processed: languages/ja.yml","time":"2017-05-21T14:00:46.338Z","v":0}
{"name":"hexo","hostname":"Lenovo-PC","pid":11236,"level":20,"msg":"Processed: languages/ko.yml","time":"2017-05-21T14:00:46.338Z","v":0}
{"name":"hexo","hostname":"Lenovo-PC","pid":11236,"level":20,"msg":"Processed: languages/pt.yml","time":"2017-05-21T14:00:46.338Z","v":0}
{"name":"hexo","hostname":"Lenovo-PC","pid":11236,"level":20,"msg":"Processed: languages/ru.yml","time":"2017-05-21T14:00:46.338Z","v":0}
{"name":"hexo","hostname":"Lenovo-PC","pid":11236,"level":20,"msg":"Processed: languages/pt-BR.yml","time":"2017-05-21T14:00:46.338Z","v":0}
{"name":"hexo","hostname":"Lenovo-PC","pid":11236,"level":20,"msg":"Processed: languages/zh-Hans.yml","time":"2017-05-21T14:00:46.338Z","v":0}
{"name":"hexo","hostname":"Lenovo-PC","pid":11236,"level":20,"msg":"Processed: languages/zh-hk.yml","time":"2017-05-21T14:00:46.338Z","v":0}
{"name":"hexo","hostname":"Lenovo-PC","pid":11236,"level":20,"msg":"Processed: languages/zh-tw.yml","time":"2017-05-21T14:00:46.338Z","v":0}
{"name":"hexo","hostname":"Lenovo-PC","pid":11236,"level":20,"msg":"Processed: source/js/src/affix.js","time":"2017-05-21T14:00:46.374Z","v":0}
{"name":"hexo","hostname":"Lenovo-PC","pid":11236,"level":20,"msg":"Processed: source/js/src/bootstrap.js","time":"2017-05-21T14:00:46.374Z","v":0}
{"name":"hexo","hostname":"Lenovo-PC","pid":11236,"level":20,"msg":"Processed: source/js/src/algolia-search.js","time":"2017-05-21T14:00:46.375Z","v":0}
{"name":"hexo","hostname":"Lenovo-PC","pid":11236,"level":20,"msg":"Processed: source/js/src/exturl.js","time":"2017-05-21T14:00:46.375Z","v":0}
{"name":"hexo","hostname":"Lenovo-PC","pid":11236,"level":20,"msg":"Processed: source/js/src/hook-duoshuo.js","time":"2017-05-21T14:00:46.376Z","v":0}
{"name":"hexo","hostname":"Lenovo-PC","pid":11236,"level":20,"msg":"Processed: source/js/src/motion.js","time":"2017-05-21T14:00:46.376Z","v":0}
{"name":"hexo","hostname":"Lenovo-PC","pid":11236,"level":20,"msg":"Processed: source/js/src/post-details.js","time":"2017-05-21T14:00:46.376Z","v":0}
{"name":"hexo","hostname":"Lenovo-PC","pid":11236,"level":20,"msg":"Processed: source/js/src/scrollspy.js","time":"2017-05-21T14:00:46.377Z","v":0}
{"name":"hexo","hostname":"Lenovo-PC","pid":11236,"level":20,"msg":"Processed: source/js/src/utils.js","time":"2017-05-21T14:00:46.377Z","v":0}
{"name":"hexo","hostname":"Lenovo-PC","pid":11236,"level":20,"msg":"Processed: source/lib/algolia-instant-search/instantsearch.min.css","time":"2017-05-21T14:00:46.379Z","v":0}
{"name":"hexo","hostname":"Lenovo-PC","pid":11236,"level":20,"msg":"Processed: source/lib/canvas-nest/canvas-nest.min.js","time":"2017-05-21T14:00:46.379Z","v":0}
{"name":"hexo","hostname":"Lenovo-PC","pid":11236,"level":20,"msg":"Processed: source/lib/fastclick/LICENSE","time":"2017-05-21T14:00:46.379Z","v":0}
{"name":"hexo","hostname":"Lenovo-PC","pid":11236,"level":20,"msg":"Processed: source/lib/fastclick/README.md","time":"2017-05-21T14:00:46.384Z","v":0}
{"name":"hexo","hostname":"Lenovo-PC","pid":11236,"level":20,"msg":"Processed: source/lib/fastclick/bower.json","time":"2017-05-21T14:00:46.385Z","v":0}
{"name":"hexo","hostname":"Lenovo-PC","pid":11236,"level":20,"msg":"Processed: source/lib/font-awesome/HELP-US-OUT.txt","time":"2017-05-21T14:00:46.385Z","v":0}
{"name":"hexo","hostname":"Lenovo-PC","pid":11236,"level":20,"msg":"Processed: source/lib/font-awesome/bower.json","time":"2017-05-21T14:00:46.385Z","v":0}
{"name":"hexo","hostname":"Lenovo-PC","pid":11236,"level":20,"msg":"Processed: source/lib/jquery_lazyload/CONTRIBUTING.md","time":"2017-05-21T14:00:46.386Z","v":0}
{"name":"hexo","hostname":"Lenovo-PC","pid":11236,"level":20,"msg":"Processed: source/lib/jquery_lazyload/README.md","time":"2017-05-21T14:00:46.386Z","v":0}
{"name":"hexo","hostname":"Lenovo-PC","pid":11236,"level":20,"msg":"Processed: source/lib/jquery_lazyload/bower.json","time":"2017-05-21T14:00:46.386Z","v":0}
{"name":"hexo","hostname":"Lenovo-PC","pid":11236,"level":20,"msg":"Processed: source/lib/jquery_lazyload/jquery.lazyload.js","time":"2017-05-21T14:00:46.387Z","v":0}
{"name":"hexo","hostname":"Lenovo-PC","pid":11236,"level":20,"msg":"Processed: source/lib/jquery_lazyload/jquery.scrollstop.js","time":"2017-05-21T14:00:46.387Z","v":0}
{"name":"hexo","hostname":"Lenovo-PC","pid":11236,"level":20,"msg":"Processed: source/lib/three/three-waves.min.js","time":"2017-05-21T14:00:46.388Z","v":0}
{"name":"hexo","hostname":"Lenovo-PC","pid":11236,"level":20,"msg":"Processed: source/lib/velocity/bower.json","time":"2017-05-21T14:00:46.388Z","v":0}
{"name":"hexo","hostname":"Lenovo-PC","pid":11236,"level":20,"msg":"Processed: source/lib/velocity/velocity.min.js","time":"2017-05-21T14:00:46.388Z","v":0}
{"name":"hexo","hostname":"Lenovo-PC","pid":11236,"level":20,"msg":"Processed: source/lib/velocity/velocity.ui.js","time":"2017-05-21T14:00:46.388Z","v":0}
{"name":"hexo","hostname":"Lenovo-PC","pid":11236,"level":20,"msg":"Processed: source/lib/velocity/velocity.ui.min.js","time":"2017-05-21T14:00:46.388Z","v":0}
{"name":"hexo","hostname":"Lenovo-PC","pid":11236,"level":20,"msg":"Processed: layout/_custom/sidebar.swig","time":"2017-05-21T14:00:46.447Z","v":0}
{"name":"hexo","hostname":"Lenovo-PC","pid":11236,"level":20,"msg":"Processed: layout/_macro/post-collapse.swig","time":"2017-05-21T14:00:46.447Z","v":0}
{"name":"hexo","hostname":"Lenovo-PC","pid":11236,"level":20,"msg":"Processed: layout/_custom/header.swig","time":"2017-05-21T14:00:46.447Z","v":0}
{"name":"hexo","hostname":"Lenovo-PC","pid":11236,"level":20,"msg":"Processed: layout/_macro/post-copyright.swig","time":"2017-05-21T14:00:46.447Z","v":0}
{"name":"hexo","hostname":"Lenovo-PC","pid":11236,"level":20,"msg":"Processed: layout/_macro/reward.swig","time":"2017-05-21T14:00:46.447Z","v":0}
{"name":"hexo","hostname":"Lenovo-PC","pid":11236,"level":20,"msg":"Processed: layout/_macro/post.swig","time":"2017-05-21T14:00:46.448Z","v":0}
{"name":"hexo","hostname":"Lenovo-PC","pid":11236,"level":20,"msg":"Processed: layout/_macro/sidebar.swig","time":"2017-05-21T14:00:46.448Z","v":0}
{"name":"hexo","hostname":"Lenovo-PC","pid":11236,"level":20,"msg":"Processed: layout/_macro/wechat-subscriber.swig","time":"2017-05-21T14:00:46.448Z","v":0}
{"name":"hexo","hostname":"Lenovo-PC","pid":11236,"level":20,"msg":"Processed: layout/_partials/footer.swig","time":"2017-05-21T14:00:46.448Z","v":0}
{"name":"hexo","hostname":"Lenovo-PC","pid":11236,"level":20,"msg":"Processed: layout/_partials/head.swig","time":"2017-05-21T14:00:46.448Z","v":0}
{"name":"hexo","hostname":"Lenovo-PC","pid":11236,"level":20,"msg":"Processed: layout/_partials/comments.swig","time":"2017-05-21T14:00:46.448Z","v":0}
{"name":"hexo","hostname":"Lenovo-PC","pid":11236,"level":20,"msg":"Processed: layout/_partials/header.swig","time":"2017-05-21T14:00:46.448Z","v":0}
{"name":"hexo","hostname":"Lenovo-PC","pid":11236,"level":20,"msg":"Processed: layout/_partials/page-header.swig","time":"2017-05-21T14:00:46.448Z","v":0}
{"name":"hexo","hostname":"Lenovo-PC","pid":11236,"level":20,"msg":"Processed: layout/_partials/search.swig","time":"2017-05-21T14:00:46.448Z","v":0}
{"name":"hexo","hostname":"Lenovo-PC","pid":11236,"level":20,"msg":"Processed: layout/_partials/pagination.swig","time":"2017-05-21T14:00:46.448Z","v":0}
{"name":"hexo","hostname":"Lenovo-PC","pid":11236,"level":20,"msg":"Processed: layout/_scripts/boostrap.swig","time":"2017-05-21T14:00:46.448Z","v":0}
{"name":"hexo","hostname":"Lenovo-PC","pid":11236,"level":20,"msg":"Processed: layout/_scripts/vendors.swig","time":"2017-05-21T14:00:46.448Z","v":0}
{"name":"hexo","hostname":"Lenovo-PC","pid":11236,"level":20,"msg":"Processed: layout/_scripts/commons.swig","time":"2017-05-21T14:00:46.449Z","v":0}
{"name":"hexo","hostname":"Lenovo-PC","pid":11236,"level":20,"msg":"Processed: layout/_third-party/duoshuo-hot-articles.swig","time":"2017-05-21T14:00:46.449Z","v":0}
{"name":"hexo","hostname":"Lenovo-PC","pid":11236,"level":20,"msg":"Processed: layout/_third-party/exturl.swig","time":"2017-05-21T14:00:46.449Z","v":0}
{"name":"hexo","hostname":"Lenovo-PC","pid":11236,"level":20,"msg":"Processed: layout/_third-party/mathjax.swig","time":"2017-05-21T14:00:46.449Z","v":0}
{"name":"hexo","hostname":"Lenovo-PC","pid":11236,"level":20,"msg":"Processed: layout/_third-party/schedule.swig","time":"2017-05-21T14:00:46.449Z","v":0}
{"name":"hexo","hostname":"Lenovo-PC","pid":11236,"level":20,"msg":"Processed: source/lib/jquery/index.js","time":"2017-05-21T14:00:46.450Z","v":0}
{"name":"hexo","hostname":"Lenovo-PC","pid":11236,"level":20,"msg":"Processed: layout/_scripts/schemes/mist.swig","time":"2017-05-21T14:00:46.458Z","v":0}
{"name":"hexo","hostname":"Lenovo-PC","pid":11236,"level":20,"msg":"Processed: layout/_scripts/schemes/muse.swig","time":"2017-05-21T14:00:46.458Z","v":0}
{"name":"hexo","hostname":"Lenovo-PC","pid":11236,"level":20,"msg":"Processed: source/js/src/schemes/pisces.js","time":"2017-05-21T14:00:46.461Z","v":0}
{"name":"hexo","hostname":"Lenovo-PC","pid":11236,"level":20,"msg":"Processed: source/lib/fancybox/source/blank.gif","time":"2017-05-21T14:00:46.461Z","v":0}
{"name":"hexo","hostname":"Lenovo-PC","pid":11236,"level":20,"msg":"Processed: source/lib/fancybox/source/fancybox_loading.gif","time":"2017-05-21T14:00:46.461Z","v":0}
{"name":"hexo","hostname":"Lenovo-PC","pid":11236,"level":20,"msg":"Processed: source/lib/fancybox/source/fancybox_loading@2x.gif","time":"2017-05-21T14:00:46.462Z","v":0}
{"name":"hexo","hostname":"Lenovo-PC","pid":11236,"level":20,"msg":"Processed: source/lib/fancybox/source/fancybox_overlay.png","time":"2017-05-21T14:00:46.462Z","v":0}
{"name":"hexo","hostname":"Lenovo-PC","pid":11236,"level":20,"msg":"Processed: source/lib/fancybox/source/fancybox_sprite.png","time":"2017-05-21T14:00:46.462Z","v":0}
{"name":"hexo","hostname":"Lenovo-PC","pid":11236,"level":20,"msg":"Processed: source/lib/fancybox/source/fancybox_sprite@2x.png","time":"2017-05-21T14:00:46.462Z","v":0}
{"name":"hexo","hostname":"Lenovo-PC","pid":11236,"level":20,"msg":"Processed: source/lib/fancybox/source/jquery.fancybox.css","time":"2017-05-21T14:00:46.463Z","v":0}
{"name":"hexo","hostname":"Lenovo-PC","pid":11236,"level":20,"msg":"Processed: source/lib/fancybox/source/jquery.fancybox.js","time":"2017-05-21T14:00:46.463Z","v":0}
{"name":"hexo","hostname":"Lenovo-PC","pid":11236,"level":20,"msg":"Processed: source/lib/fancybox/source/jquery.fancybox.pack.js","time":"2017-05-21T14:00:46.463Z","v":0}
{"name":"hexo","hostname":"Lenovo-PC","pid":11236,"level":20,"msg":"Processed: source/lib/fastclick/lib/fastclick.js","time":"2017-05-21T14:00:46.463Z","v":0}
{"name":"hexo","hostname":"Lenovo-PC","pid":11236,"level":20,"msg":"Processed: source/lib/fastclick/lib/fastclick.min.js","time":"2017-05-21T14:00:46.464Z","v":0}
{"name":"hexo","hostname":"Lenovo-PC","pid":11236,"level":20,"msg":"Processed: source/lib/font-awesome/css/font-awesome.css","time":"2017-05-21T14:00:46.464Z","v":0}
{"name":"hexo","hostname":"Lenovo-PC","pid":11236,"level":20,"msg":"Processed: source/lib/font-awesome/css/font-awesome.css.map","time":"2017-05-21T14:00:46.464Z","v":0}
{"name":"hexo","hostname":"Lenovo-PC","pid":11236,"level":20,"msg":"Processed: source/lib/font-awesome/css/font-awesome.min.css","time":"2017-05-21T14:00:46.465Z","v":0}
{"name":"hexo","hostname":"Lenovo-PC","pid":11236,"level":20,"msg":"Processed: source/lib/ua-parser-js/dist/ua-parser.min.js","time":"2017-05-21T14:00:46.465Z","v":0}
{"name":"hexo","hostname":"Lenovo-PC","pid":11236,"level":20,"msg":"Processed: source/lib/ua-parser-js/dist/ua-parser.pack.js","time":"2017-05-21T14:00:46.465Z","v":0}
{"name":"hexo","hostname":"Lenovo-PC","pid":11236,"level":20,"msg":"Processed: layout/_partials/head/external-fonts.swig","time":"2017-05-21T14:00:46.503Z","v":0}
{"name":"hexo","hostname":"Lenovo-PC","pid":11236,"level":20,"msg":"Processed: layout/_partials/search/localsearch.swig","time":"2017-05-21T14:00:46.504Z","v":0}
{"name":"hexo","hostname":"Lenovo-PC","pid":11236,"level":20,"msg":"Processed: layout/_partials/head/custom-head.swig","time":"2017-05-21T14:00:46.504Z","v":0}
{"name":"hexo","hostname":"Lenovo-PC","pid":11236,"level":20,"msg":"Processed: layout/_partials/search/tinysou.swig","time":"2017-05-21T14:00:46.504Z","v":0}
{"name":"hexo","hostname":"Lenovo-PC","pid":11236,"level":20,"msg":"Processed: layout/_partials/search/swiftype.swig","time":"2017-05-21T14:00:46.504Z","v":0}
{"name":"hexo","hostname":"Lenovo-PC","pid":11236,"level":20,"msg":"Processed: layout/_partials/share/add-this.swig","time":"2017-05-21T14:00:46.504Z","v":0}
{"name":"hexo","hostname":"Lenovo-PC","pid":11236,"level":20,"msg":"Processed: layout/_partials/share/duoshuo_share.swig","time":"2017-05-21T14:00:46.504Z","v":0}
{"name":"hexo","hostname":"Lenovo-PC","pid":11236,"level":20,"msg":"Processed: layout/_partials/share/baidushare.swig","time":"2017-05-21T14:00:46.504Z","v":0}
{"name":"hexo","hostname":"Lenovo-PC","pid":11236,"level":20,"msg":"Processed: layout/_partials/share/jiathis.swig","time":"2017-05-21T14:00:46.504Z","v":0}
{"name":"hexo","hostname":"Lenovo-PC","pid":11236,"level":20,"msg":"Processed: layout/_scripts/pages/post-details.swig","time":"2017-05-21T14:00:46.505Z","v":0}
{"name":"hexo","hostname":"Lenovo-PC","pid":11236,"level":20,"msg":"Processed: layout/_scripts/schemes/pisces.swig","time":"2017-05-21T14:00:46.505Z","v":0}
{"name":"hexo","hostname":"Lenovo-PC","pid":11236,"level":20,"msg":"Processed: layout/_third-party/analytics/application-insights.swig","time":"2017-05-21T14:00:46.505Z","v":0}
{"name":"hexo","hostname":"Lenovo-PC","pid":11236,"level":20,"msg":"Processed: layout/_third-party/analytics/baidu-analytics.swig","time":"2017-05-21T14:00:46.505Z","v":0}
{"name":"hexo","hostname":"Lenovo-PC","pid":11236,"level":20,"msg":"Processed: layout/_third-party/analytics/busuanzi-counter.swig","time":"2017-05-21T14:00:46.505Z","v":0}
{"name":"hexo","hostname":"Lenovo-PC","pid":11236,"level":20,"msg":"Processed: layout/_third-party/analytics/cnzz-analytics.swig","time":"2017-05-21T14:00:46.505Z","v":0}
{"name":"hexo","hostname":"Lenovo-PC","pid":11236,"level":20,"msg":"Processed: layout/_third-party/analytics/facebook-sdk.swig","time":"2017-05-21T14:00:46.505Z","v":0}
{"name":"hexo","hostname":"Lenovo-PC","pid":11236,"level":20,"msg":"Processed: layout/_third-party/analytics/index.swig","time":"2017-05-21T14:00:46.505Z","v":0}
{"name":"hexo","hostname":"Lenovo-PC","pid":11236,"level":20,"msg":"Processed: layout/_third-party/analytics/google-analytics.swig","time":"2017-05-21T14:00:46.505Z","v":0}
{"name":"hexo","hostname":"Lenovo-PC","pid":11236,"level":20,"msg":"Processed: layout/_third-party/analytics/lean-analytics.swig","time":"2017-05-21T14:00:46.505Z","v":0}
{"name":"hexo","hostname":"Lenovo-PC","pid":11236,"level":20,"msg":"Processed: layout/_third-party/analytics/tencent-analytics.swig","time":"2017-05-21T14:00:46.506Z","v":0}
{"name":"hexo","hostname":"Lenovo-PC","pid":11236,"level":20,"msg":"Processed: layout/_third-party/analytics/tencent-mta.swig","time":"2017-05-21T14:00:46.506Z","v":0}
{"name":"hexo","hostname":"Lenovo-PC","pid":11236,"level":20,"msg":"Processed: layout/_third-party/analytics/vkontakte-api.swig","time":"2017-05-21T14:00:46.506Z","v":0}
{"name":"hexo","hostname":"Lenovo-PC","pid":11236,"level":20,"msg":"Processed: layout/_third-party/comments/changyan.swig","time":"2017-05-21T14:00:46.506Z","v":0}
{"name":"hexo","hostname":"Lenovo-PC","pid":11236,"level":20,"msg":"Processed: layout/_third-party/comments/disqus.swig","time":"2017-05-21T14:00:46.506Z","v":0}
{"name":"hexo","hostname":"Lenovo-PC","pid":11236,"level":20,"msg":"Processed: layout/_third-party/comments/duoshuo.swig","time":"2017-05-21T14:00:46.506Z","v":0}
{"name":"hexo","hostname":"Lenovo-PC","pid":11236,"level":20,"msg":"Processed: layout/_third-party/comments/gentie.swig","time":"2017-05-21T14:00:46.506Z","v":0}
{"name":"hexo","hostname":"Lenovo-PC","pid":11236,"level":20,"msg":"Processed: layout/_third-party/comments/hypercomments.swig","time":"2017-05-21T14:00:46.506Z","v":0}
{"name":"hexo","hostname":"Lenovo-PC","pid":11236,"level":20,"msg":"Processed: layout/_third-party/comments/livere.swig","time":"2017-05-21T14:00:46.506Z","v":0}
{"name":"hexo","hostname":"Lenovo-PC","pid":11236,"level":20,"msg":"Processed: layout/_third-party/comments/youyan.swig","time":"2017-05-21T14:00:46.506Z","v":0}
{"name":"hexo","hostname":"Lenovo-PC","pid":11236,"level":20,"msg":"Processed: layout/_third-party/comments/index.swig","time":"2017-05-21T14:00:46.506Z","v":0}
{"name":"hexo","hostname":"Lenovo-PC","pid":11236,"level":20,"msg":"Processed: layout/_third-party/search/index.swig","time":"2017-05-21T14:00:46.506Z","v":0}
{"name":"hexo","hostname":"Lenovo-PC","pid":11236,"level":20,"msg":"Processed: layout/_third-party/search/localsearch.swig","time":"2017-05-21T14:00:46.506Z","v":0}
{"name":"hexo","hostname":"Lenovo-PC","pid":11236,"level":20,"msg":"Processed: layout/_third-party/search/tinysou.swig","time":"2017-05-21T14:00:46.506Z","v":0}
{"name":"hexo","hostname":"Lenovo-PC","pid":11236,"level":20,"msg":"Processed: layout/_third-party/seo/baidu-push.swig","time":"2017-05-21T14:00:46.506Z","v":0}
{"name":"hexo","hostname":"Lenovo-PC","pid":11236,"level":20,"msg":"Processed: source/lib/font-awesome/fonts/fontawesome-webfont.woff","time":"2017-05-21T14:00:46.507Z","v":0}
{"name":"hexo","hostname":"Lenovo-PC","pid":11236,"level":20,"msg":"Processed: source/lib/font-awesome/fonts/fontawesome-webfont.woff2","time":"2017-05-21T14:00:46.508Z","v":0}
{"name":"hexo","hostname":"Lenovo-PC","pid":11236,"level":20,"msg":"Processed: source/lib/velocity/velocity.js","time":"2017-05-21T14:00:46.509Z","v":0}
{"name":"hexo","hostname":"Lenovo-PC","pid":11236,"level":20,"msg":"Processed: source/lib/fancybox/source/helpers/fancybox_buttons.png","time":"2017-05-21T14:00:46.519Z","v":0}
{"name":"hexo","hostname":"Lenovo-PC","pid":11236,"level":20,"msg":"Processed: source/lib/fancybox/source/helpers/jquery.fancybox-buttons.css","time":"2017-05-21T14:00:46.519Z","v":0}
{"name":"hexo","hostname":"Lenovo-PC","pid":11236,"level":20,"msg":"Processed: source/lib/fancybox/source/helpers/jquery.fancybox-buttons.js","time":"2017-05-21T14:00:46.520Z","v":0}
{"name":"hexo","hostname":"Lenovo-PC","pid":11236,"level":20,"msg":"Processed: source/lib/fancybox/source/helpers/jquery.fancybox-media.js","time":"2017-05-21T14:00:46.520Z","v":0}
{"name":"hexo","hostname":"Lenovo-PC","pid":11236,"level":20,"msg":"Processed: source/lib/fancybox/source/helpers/jquery.fancybox-thumbs.css","time":"2017-05-21T14:00:46.520Z","v":0}
{"name":"hexo","hostname":"Lenovo-PC","pid":11236,"level":20,"msg":"Processed: source/lib/fancybox/source/helpers/jquery.fancybox-thumbs.js","time":"2017-05-21T14:00:46.521Z","v":0}
{"name":"hexo","hostname":"Lenovo-PC","pid":11236,"level":20,"msg":"Processed: source/lib/font-awesome/fonts/fontawesome-webfont.eot","time":"2017-05-21T14:00:46.521Z","v":0}
{"name":"hexo","hostname":"Lenovo-PC","pid":11236,"level":20,"msg":"Processed: source/lib/font-awesome/fonts/FontAwesome.otf","time":"2017-05-21T14:00:46.521Z","v":0}
{"name":"hexo","hostname":"Lenovo-PC","pid":11236,"level":20,"msg":"Processed: source/lib/font-awesome/fonts/fontawesome-webfont.ttf","time":"2017-05-21T14:00:46.521Z","v":0}
{"name":"hexo","hostname":"Lenovo-PC","pid":11236,"level":20,"msg":"Processed: layout/_third-party/search/algolia-search/assets.swig","time":"2017-05-21T14:00:46.524Z","v":0}
{"name":"hexo","hostname":"Lenovo-PC","pid":11236,"level":20,"msg":"Processed: layout/_third-party/search/algolia-search/dom.swig","time":"2017-05-21T14:00:46.524Z","v":0}
{"name":"hexo","hostname":"Lenovo-PC","pid":11236,"level":20,"msg":"Processed: source/lib/algolia-instant-search/instantsearch.min.js","time":"2017-05-21T14:00:46.525Z","v":0}
{"name":"hexo","hostname":"Lenovo-PC","pid":11236,"level":20,"msg":"Processed: source/lib/three/three.min.js","time":"2017-05-21T14:00:46.526Z","v":0}
{"name":"hexo","hostname":"Lenovo-PC","pid":11236,"level":20,"msg":"Processed: source/lib/font-awesome/fonts/fontawesome-webfont.svg","time":"2017-05-21T14:00:46.526Z","v":0}
{"name":"hexo","hostname":"Lenovo-PC","pid":11236,"level":20,"msg":"Generator: page","time":"2017-05-21T14:00:46.868Z","v":0}
{"name":"hexo","hostname":"Lenovo-PC","pid":11236,"level":20,"msg":"Generator: post","time":"2017-05-21T14:00:46.868Z","v":0}
{"name":"hexo","hostname":"Lenovo-PC","pid":11236,"level":20,"msg":"Generator: category","time":"2017-05-21T14:00:46.868Z","v":0}
{"name":"hexo","hostname":"Lenovo-PC","pid":11236,"level":20,"msg":"Generator: archive","time":"2017-05-21T14:00:46.868Z","v":0}
{"name":"hexo","hostname":"Lenovo-PC","pid":11236,"level":20,"msg":"Generator: index","time":"2017-05-21T14:00:46.868Z","v":0}
{"name":"hexo","hostname":"Lenovo-PC","pid":11236,"level":20,"msg":"Generator: tag","time":"2017-05-21T14:00:46.868Z","v":0}
{"name":"hexo","hostname":"Lenovo-PC","pid":11236,"level":20,"msg":"Generator: asset","time":"2017-05-21T14:00:46.869Z","v":0}
{"name":"hexo","hostname":"Lenovo-PC","pid":11236,"level":30,"msg":"Hexo is running at http://0.0.0.0:4000/. Press Ctrl+C to stop.","time":"2017-05-21T14:00:46.882Z","v":0}
{"name":"hexo","hostname":"Lenovo-PC","pid":11236,"level":20,"msg":"Database saved","time":"2017-05-21T14:00:46.905Z","v":0}
{"name":"hexo","hostname":"Lenovo-PC","pid":11236,"level":20,"msg":"Rendering index: index.html","time":"2017-05-21T14:00:51.388Z","v":0}
{"name":"hexo","hostname":"Lenovo-PC","pid":11236,"level":20,"msg":"Processed: _posts/debug.log","time":"2017-05-21T14:01:06.082Z","v":0}
{"name":"hexo","hostname":"Lenovo-PC","pid":11236,"level":20,"msg":"Processed: _posts/SOAP.md","time":"2017-05-21T14:01:06.095Z","v":0}
{"name":"hexo","hostname":"Lenovo-PC","pid":11236,"level":20,"msg":"Generator: page","time":"2017-05-21T14:01:06.227Z","v":0}
{"name":"hexo","hostname":"Lenovo-PC","pid":11236,"level":20,"msg":"Generator: post","time":"2017-05-21T14:01:06.228Z","v":0}
{"name":"hexo","hostname":"Lenovo-PC","pid":11236,"level":20,"msg":"Generator: category","time":"2017-05-21T14:01:06.228Z","v":0}
{"name":"hexo","hostname":"Lenovo-PC","pid":11236,"level":20,"msg":"Generator: archive","time":"2017-05-21T14:01:06.228Z","v":0}
{"name":"hexo","hostname":"Lenovo-PC","pid":11236,"level":20,"msg":"Generator: index","time":"2017-05-21T14:01:06.228Z","v":0}
{"name":"hexo","hostname":"Lenovo-PC","pid":11236,"level":20,"msg":"Generator: tag","time":"2017-05-21T14:01:06.228Z","v":0}
{"name":"hexo","hostname":"Lenovo-PC","pid":11236,"level":20,"msg":"Generator: asset","time":"2017-05-21T14:01:06.229Z","v":0}
{"name":"hexo","hostname":"Lenovo-PC","pid":11236,"level":20,"msg":"Rendering index: index.html","time":"2017-05-21T14:01:13.611Z","v":0}
{"name":"hexo","hostname":"Lenovo-PC","pid":11236,"level":20,"msg":"Processed: _posts/debug.log","time":"2017-05-21T14:02:01.023Z","v":0}
{"name":"hexo","hostname":"Lenovo-PC","pid":11236,"level":20,"msg":"Processed: _posts/SOAP.md","time":"2017-05-21T14:02:01.024Z","v":0}
{"name":"hexo","hostname":"Lenovo-PC","pid":11236,"level":20,"msg":"Generator: page","time":"2017-05-21T14:02:01.309Z","v":0}
{"name":"hexo","hostname":"Lenovo-PC","pid":11236,"level":20,"msg":"Generator: post","time":"2017-05-21T14:02:01.309Z","v":0}
{"name":"hexo","hostname":"Lenovo-PC","pid":11236,"level":20,"msg":"Generator: category","time":"2017-05-21T14:02:01.309Z","v":0}
{"name":"hexo","hostname":"Lenovo-PC","pid":11236,"level":20,"msg":"Generator: archive","time":"2017-05-21T14:02:01.309Z","v":0}
{"name":"hexo","hostname":"Lenovo-PC","pid":11236,"level":20,"msg":"Generator: index","time":"2017-05-21T14:02:01.309Z","v":0}
{"name":"hexo","hostname":"Lenovo-PC","pid":11236,"level":20,"msg":"Generator: tag","time":"2017-05-21T14:02:01.309Z","v":0}
{"name":"hexo","hostname":"Lenovo-PC","pid":11236,"level":20,"msg":"Generator: asset","time":"2017-05-21T14:02:01.311Z","v":0}
{"name":"hexo","hostname":"Lenovo-PC","pid":11236,"level":20,"msg":"Processed: _posts/SOAP.md","time":"2017-05-21T14:02:01.338Z","v":0}
{"name":"hexo","hostname":"Lenovo-PC","pid":11236,"level":20,"msg":"Processed: _posts/debug.log","time":"2017-05-21T14:02:01.342Z","v":0}
{"name":"hexo","hostname":"Lenovo-PC","pid":11236,"level":20,"msg":"Generator: page","time":"2017-05-21T14:02:01.480Z","v":0}
{"name":"hexo","hostname":"Lenovo-PC","pid":11236,"level":20,"msg":"Generator: post","time":"2017-05-21T14:02:01.480Z","v":0}
{"name":"hexo","hostname":"Lenovo-PC","pid":11236,"level":20,"msg":"Generator: category","time":"2017-05-21T14:02:01.481Z","v":0}
{"name":"hexo","hostname":"Lenovo-PC","pid":11236,"level":20,"msg":"Generator: archive","time":"2017-05-21T14:02:01.481Z","v":0}
{"name":"hexo","hostname":"Lenovo-PC","pid":11236,"level":20,"msg":"Generator: index","time":"2017-05-21T14:02:01.481Z","v":0}
{"name":"hexo","hostname":"Lenovo-PC","pid":11236,"level":20,"msg":"Generator: tag","time":"2017-05-21T14:02:01.481Z","v":0}
{"name":"hexo","hostname":"Lenovo-PC","pid":11236,"level":20,"msg":"Generator: asset","time":"2017-05-21T14:02:01.482Z","v":0}
{"name":"hexo","hostname":"Lenovo-PC","pid":11236,"level":20,"msg":"Processed: _posts/debug.log","time":"2017-05-21T14:02:02.013Z","v":0}
{"name":"hexo","hostname":"Lenovo-PC","pid":11236,"level":20,"msg":"Processed: _posts/SOAP.md","time":"2017-05-21T14:02:02.027Z","v":0}
{"name":"hexo","hostname":"Lenovo-PC","pid":11236,"level":20,"msg":"Generator: page","time":"2017-05-21T14:02:02.157Z","v":0}
{"name":"hexo","hostname":"Lenovo-PC","pid":11236,"level":20,"msg":"Generator: post","time":"2017-05-21T14:02:02.158Z","v":0}
{"name":"hexo","hostname":"Lenovo-PC","pid":11236,"level":20,"msg":"Generator: category","time":"2017-05-21T14:02:02.158Z","v":0}
{"name":"hexo","hostname":"Lenovo-PC","pid":11236,"level":20,"msg":"Generator: archive","time":"2017-05-21T14:02:02.158Z","v":0}
{"name":"hexo","hostname":"Lenovo-PC","pid":11236,"level":20,"msg":"Generator: index","time":"2017-05-21T14:02:02.158Z","v":0}
{"name":"hexo","hostname":"Lenovo-PC","pid":11236,"level":20,"msg":"Generator: tag","time":"2017-05-21T14:02:02.158Z","v":0}
{"name":"hexo","hostname":"Lenovo-PC","pid":11236,"level":20,"msg":"Generator: asset","time":"2017-05-21T14:02:02.160Z","v":0}
{"name":"hexo","hostname":"Lenovo-PC","pid":11236,"level":20,"msg":"Rendering index: index.html","time":"2017-05-21T14:02:04.139Z","v":0}
{"name":"hexo","hostname":"Lenovo-PC","pid":11236,"level":20,"msg":"Processed: _posts/SOAP.md","time":"2017-05-21T14:04:01.024Z","v":0}
{"name":"hexo","hostname":"Lenovo-PC","pid":11236,"level":20,"msg":"Processed: _posts/debug.log","time":"2017-05-21T14:04:01.028Z","v":0}
{"name":"hexo","hostname":"Lenovo-PC","pid":11236,"level":20,"msg":"Generator: page","time":"2017-05-21T14:04:01.179Z","v":0}
{"name":"hexo","hostname":"Lenovo-PC","pid":11236,"level":20,"msg":"Generator: post","time":"2017-05-21T14:04:01.179Z","v":0}
{"name":"hexo","hostname":"Lenovo-PC","pid":11236,"level":20,"msg":"Generator: category","time":"2017-05-21T14:04:01.179Z","v":0}
{"name":"hexo","hostname":"Lenovo-PC","pid":11236,"level":20,"msg":"Generator: archive","time":"2017-05-21T14:04:01.179Z","v":0}
{"name":"hexo","hostname":"Lenovo-PC","pid":11236,"level":20,"msg":"Generator: index","time":"2017-05-21T14:04:01.179Z","v":0}
{"name":"hexo","hostname":"Lenovo-PC","pid":11236,"level":20,"msg":"Generator: tag","time":"2017-05-21T14:04:01.180Z","v":0}
{"name":"hexo","hostname":"Lenovo-PC","pid":11236,"level":20,"msg":"Generator: asset","time":"2017-05-21T14:04:01.181Z","v":0}
{"name":"hexo","hostname":"Lenovo-PC","pid":11236,"level":20,"msg":"Processed: _posts/debug.log","time":"2017-05-21T14:04:01.302Z","v":0}
{"name":"hexo","hostname":"Lenovo-PC","pid":11236,"level":20,"msg":"Processed: _posts/SOAP.md","time":"2017-05-21T14:04:01.315Z","v":0}
{"name":"hexo","hostname":"Lenovo-PC","pid":11236,"level":20,"msg":"Generator: page","time":"2017-05-21T14:04:01.446Z","v":0}
{"name":"hexo","hostname":"Lenovo-PC","pid":11236,"level":20,"msg":"Generator: post","time":"2017-05-21T14:04:01.446Z","v":0}
{"name":"hexo","hostname":"Lenovo-PC","pid":11236,"level":20,"msg":"Generator: category","time":"2017-05-21T14:04:01.446Z","v":0}
{"name":"hexo","hostname":"Lenovo-PC","pid":11236,"level":20,"msg":"Generator: archive","time":"2017-05-21T14:04:01.447Z","v":0}
{"name":"hexo","hostname":"Lenovo-PC","pid":11236,"level":20,"msg":"Generator: index","time":"2017-05-21T14:04:01.448Z","v":0}
{"name":"hexo","hostname":"Lenovo-PC","pid":11236,"level":20,"msg":"Generator: tag","time":"2017-05-21T14:04:01.448Z","v":0}
{"name":"hexo","hostname":"Lenovo-PC","pid":11236,"level":20,"msg":"Generator: asset","time":"2017-05-21T14:04:01.449Z","v":0}
{"name":"hexo","hostname":"Lenovo-PC","pid":11236,"level":20,"msg":"Rendering index: index.html","time":"2017-05-21T14:04:02.276Z","v":0}
{"name":"hexo","hostname":"Lenovo-PC","pid":11236,"level":20,"msg":"Processed: _posts/debug.log","time":"2017-05-21T14:04:52.829Z","v":0}
{"name":"hexo","hostname":"Lenovo-PC","pid":11236,"level":20,"msg":"Processed: _posts/SOAP.md","time":"2017-05-21T14:04:52.838Z","v":0}
{"name":"hexo","hostname":"Lenovo-PC","pid":11236,"level":20,"msg":"Generator: page","time":"2017-05-21T14:04:52.979Z","v":0}
{"name":"hexo","hostname":"Lenovo-PC","pid":11236,"level":20,"msg":"Generator: post","time":"2017-05-21T14:04:52.979Z","v":0}
{"name":"hexo","hostname":"Lenovo-PC","pid":11236,"level":20,"msg":"Generator: category","time":"2017-05-21T14:04:52.979Z","v":0}
{"name":"hexo","hostname":"Lenovo-PC","pid":11236,"level":20,"msg":"Generator: archive","time":"2017-05-21T14:04:52.980Z","v":0}
{"name":"hexo","hostname":"Lenovo-PC","pid":11236,"level":20,"msg":"Generator: index","time":"2017-05-21T14:04:52.980Z","v":0}
{"name":"hexo","hostname":"Lenovo-PC","pid":11236,"level":20,"msg":"Generator: tag","time":"2017-05-21T14:04:52.980Z","v":0}
{"name":"hexo","hostname":"Lenovo-PC","pid":11236,"level":20,"msg":"Generator: asset","time":"2017-05-21T14:04:52.981Z","v":0}
{"name":"hexo","hostname":"Lenovo-PC","pid":11236,"level":20,"msg":"Processed: _posts/debug.log","time":"2017-05-21T14:04:53.428Z","v":0}
{"name":"hexo","hostname":"Lenovo-PC","pid":11236,"level":20,"msg":"Processed: _posts/SOAP.md","time":"2017-05-21T14:04:53.436Z","v":0}
{"name":"hexo","hostname":"Lenovo-PC","pid":11236,"level":20,"msg":"Generator: page","time":"2017-05-21T14:04:53.624Z","v":0}
{"name":"hexo","hostname":"Lenovo-PC","pid":11236,"level":20,"msg":"Generator: post","time":"2017-05-21T14:04:53.624Z","v":0}
{"name":"hexo","hostname":"Lenovo-PC","pid":11236,"level":20,"msg":"Generator: category","time":"2017-05-21T14:04:53.624Z","v":0}
{"name":"hexo","hostname":"Lenovo-PC","pid":11236,"level":20,"msg":"Generator: archive","time":"2017-05-21T14:04:53.624Z","v":0}
{"name":"hexo","hostname":"Lenovo-PC","pid":11236,"level":20,"msg":"Generator: index","time":"2017-05-21T14:04:53.624Z","v":0}
{"name":"hexo","hostname":"Lenovo-PC","pid":11236,"level":20,"msg":"Generator: tag","time":"2017-05-21T14:04:53.624Z","v":0}
{"name":"hexo","hostname":"Lenovo-PC","pid":11236,"level":20,"msg":"Generator: asset","time":"2017-05-21T14:04:53.625Z","v":0}
{"name":"hexo","hostname":"Lenovo-PC","pid":11236,"level":20,"msg":"Processed: _posts/debug.log","time":"2017-05-21T14:04:53.755Z","v":0}
{"name":"hexo","hostname":"Lenovo-PC","pid":11236,"level":20,"msg":"Processed: _posts/SOAP.md","time":"2017-05-21T14:04:53.761Z","v":0}
{"name":"hexo","hostname":"Lenovo-PC","pid":11236,"level":20,"msg":"Generator: page","time":"2017-05-21T14:04:53.900Z","v":0}
{"name":"hexo","hostname":"Lenovo-PC","pid":11236,"level":20,"msg":"Generator: post","time":"2017-05-21T14:04:53.900Z","v":0}
{"name":"hexo","hostname":"Lenovo-PC","pid":11236,"level":20,"msg":"Generator: category","time":"2017-05-21T14:04:53.900Z","v":0}
{"name":"hexo","hostname":"Lenovo-PC","pid":11236,"level":20,"msg":"Generator: archive","time":"2017-05-21T14:04:53.900Z","v":0}
{"name":"hexo","hostname":"Lenovo-PC","pid":11236,"level":20,"msg":"Generator: index","time":"2017-05-21T14:04:53.900Z","v":0}
{"name":"hexo","hostname":"Lenovo-PC","pid":11236,"level":20,"msg":"Generator: tag","time":"2017-05-21T14:04:53.900Z","v":0}
{"name":"hexo","hostname":"Lenovo-PC","pid":11236,"level":20,"msg":"Generator: asset","time":"2017-05-21T14:04:53.902Z","v":0}
{"name":"hexo","hostname":"Lenovo-PC","pid":11236,"level":20,"msg":"Processed: _posts/debug.log","time":"2017-05-21T14:04:54.005Z","v":0}
{"name":"hexo","hostname":"Lenovo-PC","pid":11236,"level":20,"msg":"Processed: _posts/SOAP.md","time":"2017-05-21T14:04:54.011Z","v":0}
{"name":"hexo","hostname":"Lenovo-PC","pid":11236,"level":20,"msg":"Generator: page","time":"2017-05-21T14:04:54.138Z","v":0}
{"name":"hexo","hostname":"Lenovo-PC","pid":11236,"level":20,"msg":"Generator: post","time":"2017-05-21T14:04:54.139Z","v":0}
{"name":"hexo","hostname":"Lenovo-PC","pid":11236,"level":20,"msg":"Generator: category","time":"2017-05-21T14:04:54.139Z","v":0}
{"name":"hexo","hostname":"Lenovo-PC","pid":11236,"level":20,"msg":"Generator: archive","time":"2017-05-21T14:04:54.139Z","v":0}
{"name":"hexo","hostname":"Lenovo-PC","pid":11236,"level":20,"msg":"Generator: index","time":"2017-05-21T14:04:54.139Z","v":0}
{"name":"hexo","hostname":"Lenovo-PC","pid":11236,"level":20,"msg":"Generator: tag","time":"2017-05-21T14:04:54.139Z","v":0}
{"name":"hexo","hostname":"Lenovo-PC","pid":11236,"level":20,"msg":"Generator: asset","time":"2017-05-21T14:04:54.140Z","v":0}
{"name":"hexo","hostname":"Lenovo-PC","pid":11236,"level":20,"msg":"Rendering index: index.html","time":"2017-05-21T14:04:56.856Z","v":0}
{"name":"hexo","hostname":"Lenovo-PC","pid":11236,"level":20,"msg":"Processed: _posts/debug.log","time":"2017-05-21T14:05:09.564Z","v":0}
{"name":"hexo","hostname":"Lenovo-PC","pid":11236,"level":20,"msg":"Processed: _posts/SOAP.md","time":"2017-05-21T14:05:09.573Z","v":0}
{"name":"hexo","hostname":"Lenovo-PC","pid":11236,"level":20,"msg":"Generator: page","time":"2017-05-21T14:05:09.704Z","v":0}
{"name":"hexo","hostname":"Lenovo-PC","pid":11236,"level":20,"msg":"Generator: post","time":"2017-05-21T14:05:09.704Z","v":0}
{"name":"hexo","hostname":"Lenovo-PC","pid":11236,"level":20,"msg":"Generator: category","time":"2017-05-21T14:05:09.705Z","v":0}
{"name":"hexo","hostname":"Lenovo-PC","pid":11236,"level":20,"msg":"Generator: archive","time":"2017-05-21T14:05:09.705Z","v":0}
{"name":"hexo","hostname":"Lenovo-PC","pid":11236,"level":20,"msg":"Generator: index","time":"2017-05-21T14:05:09.705Z","v":0}
{"name":"hexo","hostname":"Lenovo-PC","pid":11236,"level":20,"msg":"Generator: tag","time":"2017-05-21T14:05:09.705Z","v":0}
{"name":"hexo","hostname":"Lenovo-PC","pid":11236,"level":20,"msg":"Generator: asset","time":"2017-05-21T14:05:09.706Z","v":0}
{"name":"hexo","hostname":"Lenovo-PC","pid":11236,"level":20,"msg":"Processed: _posts/debug.log","time":"2017-05-21T14:05:09.947Z","v":0}
{"name":"hexo","hostname":"Lenovo-PC","pid":11236,"level":20,"msg":"Processed: _posts/SOAP.md","time":"2017-05-21T14:05:09.960Z","v":0}
{"name":"hexo","hostname":"Lenovo-PC","pid":11236,"level":20,"msg":"Generator: page","time":"2017-05-21T14:05:10.094Z","v":0}
{"name":"hexo","hostname":"Lenovo-PC","pid":11236,"level":20,"msg":"Generator: post","time":"2017-05-21T14:05:10.095Z","v":0}
{"name":"hexo","hostname":"Lenovo-PC","pid":11236,"level":20,"msg":"Generator: category","time":"2017-05-21T14:05:10.095Z","v":0}
{"name":"hexo","hostname":"Lenovo-PC","pid":11236,"level":20,"msg":"Generator: archive","time":"2017-05-21T14:05:10.095Z","v":0}
{"name":"hexo","hostname":"Lenovo-PC","pid":11236,"level":20,"msg":"Generator: index","time":"2017-05-21T14:05:10.095Z","v":0}
{"name":"hexo","hostname":"Lenovo-PC","pid":11236,"level":20,"msg":"Generator: tag","time":"2017-05-21T14:05:10.095Z","v":0}
{"name":"hexo","hostname":"Lenovo-PC","pid":11236,"level":20,"msg":"Generator: asset","time":"2017-05-21T14:05:10.097Z","v":0}
{"name":"hexo","hostname":"Lenovo-PC","pid":11236,"level":20,"msg":"Processed: _posts/debug.log","time":"2017-05-21T14:05:10.251Z","v":0}
{"name":"hexo","hostname":"Lenovo-PC","pid":11236,"level":20,"msg":"Processed: _posts/SOAP.md","time":"2017-05-21T14:05:10.259Z","v":0}
{"name":"hexo","hostname":"Lenovo-PC","pid":11236,"level":20,"msg":"Generator: page","time":"2017-05-21T14:05:10.393Z","v":0}
{"name":"hexo","hostname":"Lenovo-PC","pid":11236,"level":20,"msg":"Generator: post","time":"2017-05-21T14:05:10.393Z","v":0}
{"name":"hexo","hostname":"Lenovo-PC","pid":11236,"level":20,"msg":"Generator: category","time":"2017-05-21T14:05:10.393Z","v":0}
{"name":"hexo","hostname":"Lenovo-PC","pid":11236,"level":20,"msg":"Generator: archive","time":"2017-05-21T14:05:10.393Z","v":0}
{"name":"hexo","hostname":"Lenovo-PC","pid":11236,"level":20,"msg":"Generator: index","time":"2017-05-21T14:05:10.393Z","v":0}
{"name":"hexo","hostname":"Lenovo-PC","pid":11236,"level":20,"msg":"Generator: tag","time":"2017-05-21T14:05:10.393Z","v":0}
{"name":"hexo","hostname":"Lenovo-PC","pid":11236,"level":20,"msg":"Generator: asset","time":"2017-05-21T14:05:10.395Z","v":0}
{"name":"hexo","hostname":"Lenovo-PC","pid":11236,"level":20,"msg":"Processed: _posts/debug.log","time":"2017-05-21T14:05:10.731Z","v":0}
{"name":"hexo","hostname":"Lenovo-PC","pid":11236,"level":20,"msg":"Processed: _posts/SOAP.md","time":"2017-05-21T14:05:10.740Z","v":0}
{"name":"hexo","hostname":"Lenovo-PC","pid":11236,"level":20,"msg":"Generator: page","time":"2017-05-21T14:05:10.869Z","v":0}
{"name":"hexo","hostname":"Lenovo-PC","pid":11236,"level":20,"msg":"Generator: post","time":"2017-05-21T14:05:10.869Z","v":0}
{"name":"hexo","hostname":"Lenovo-PC","pid":11236,"level":20,"msg":"Generator: category","time":"2017-05-21T14:05:10.869Z","v":0}
{"name":"hexo","hostname":"Lenovo-PC","pid":11236,"level":20,"msg":"Generator: archive","time":"2017-05-21T14:05:10.869Z","v":0}
{"name":"hexo","hostname":"Lenovo-PC","pid":11236,"level":20,"msg":"Generator: index","time":"2017-05-21T14:05:10.869Z","v":0}
{"name":"hexo","hostname":"Lenovo-PC","pid":11236,"level":20,"msg":"Generator: tag","time":"2017-05-21T14:05:10.869Z","v":0}
{"name":"hexo","hostname":"Lenovo-PC","pid":11236,"level":20,"msg":"Generator: asset","time":"2017-05-21T14:05:10.870Z","v":0}
{"name":"hexo","hostname":"Lenovo-PC","pid":11236,"level":20,"msg":"Rendering index: index.html","time":"2017-05-21T14:05:13.159Z","v":0}
{"name":"hexo","hostname":"Lenovo-PC","pid":11236,"level":20,"msg":"Processed: _posts/debug.log","time":"2017-05-21T14:07:23.587Z","v":0}
{"name":"hexo","hostname":"Lenovo-PC","pid":11236,"level":20,"msg":"Processed: _posts/SOAP.md","time":"2017-05-21T14:07:23.598Z","v":0}
{"name":"hexo","hostname":"Lenovo-PC","pid":11236,"level":20,"msg":"Generator: page","time":"2017-05-21T14:07:23.731Z","v":0}
{"name":"hexo","hostname":"Lenovo-PC","pid":11236,"level":20,"msg":"Generator: post","time":"2017-05-21T14:07:23.732Z","v":0}
{"name":"hexo","hostname":"Lenovo-PC","pid":11236,"level":20,"msg":"Generator: category","time":"2017-05-21T14:07:23.732Z","v":0}
{"name":"hexo","hostname":"Lenovo-PC","pid":11236,"level":20,"msg":"Generator: archive","time":"2017-05-21T14:07:23.732Z","v":0}
{"name":"hexo","hostname":"Lenovo-PC","pid":11236,"level":20,"msg":"Generator: index","time":"2017-05-21T14:07:23.732Z","v":0}
{"name":"hexo","hostname":"Lenovo-PC","pid":11236,"level":20,"msg":"Generator: tag","time":"2017-05-21T14:07:23.732Z","v":0}
{"name":"hexo","hostname":"Lenovo-PC","pid":11236,"level":20,"msg":"Generator: asset","time":"2017-05-21T14:07:23.733Z","v":0}
{"name":"hexo","hostname":"Lenovo-PC","pid":11236,"level":20,"msg":"Processed: _posts/debug.log","time":"2017-05-21T14:07:23.866Z","v":0}
{"name":"hexo","hostname":"Lenovo-PC","pid":11236,"level":20,"msg":"Processed: _posts/SOAP.md","time":"2017-05-21T14:07:23.872Z","v":0}
{"name":"hexo","hostname":"Lenovo-PC","pid":11236,"level":20,"msg":"Generator: page","time":"2017-05-21T14:07:24.006Z","v":0}
{"name":"hexo","hostname":"Lenovo-PC","pid":11236,"level":20,"msg":"Generator: post","time":"2017-05-21T14:07:24.006Z","v":0}
{"name":"hexo","hostname":"Lenovo-PC","pid":11236,"level":20,"msg":"Generator: category","time":"2017-05-21T14:07:24.006Z","v":0}
{"name":"hexo","hostname":"Lenovo-PC","pid":11236,"level":20,"msg":"Generator: archive","time":"2017-05-21T14:07:24.006Z","v":0}
{"name":"hexo","hostname":"Lenovo-PC","pid":11236,"level":20,"msg":"Generator: index","time":"2017-05-21T14:07:24.006Z","v":0}
{"name":"hexo","hostname":"Lenovo-PC","pid":11236,"level":20,"msg":"Generator: tag","time":"2017-05-21T14:07:24.007Z","v":0}
{"name":"hexo","hostname":"Lenovo-PC","pid":11236,"level":20,"msg":"Generator: asset","time":"2017-05-21T14:07:24.007Z","v":0}
{"name":"hexo","hostname":"Lenovo-PC","pid":11236,"level":20,"msg":"Processed: _posts/debug.log","time":"2017-05-21T14:07:24.124Z","v":0}
{"name":"hexo","hostname":"Lenovo-PC","pid":11236,"level":20,"msg":"Processed: _posts/SOAP.md","time":"2017-05-21T14:07:24.132Z","v":0}
{"name":"hexo","hostname":"Lenovo-PC","pid":11236,"level":20,"msg":"Generator: page","time":"2017-05-21T14:07:24.270Z","v":0}
{"name":"hexo","hostname":"Lenovo-PC","pid":11236,"level":20,"msg":"Generator: post","time":"2017-05-21T14:07:24.271Z","v":0}
{"name":"hexo","hostname":"Lenovo-PC","pid":11236,"level":20,"msg":"Generator: category","time":"2017-05-21T14:07:24.271Z","v":0}
{"name":"hexo","hostname":"Lenovo-PC","pid":11236,"level":20,"msg":"Generator: archive","time":"2017-05-21T14:07:24.271Z","v":0}
{"name":"hexo","hostname":"Lenovo-PC","pid":11236,"level":20,"msg":"Generator: index","time":"2017-05-21T14:07:24.271Z","v":0}
{"name":"hexo","hostname":"Lenovo-PC","pid":11236,"level":20,"msg":"Generator: tag","time":"2017-05-21T14:07:24.271Z","v":0}
{"name":"hexo","hostname":"Lenovo-PC","pid":11236,"level":20,"msg":"Generator: asset","time":"2017-05-21T14:07:24.273Z","v":0}
{"name":"hexo","hostname":"Lenovo-PC","pid":11236,"level":20,"msg":"Processed: _posts/debug.log","time":"2017-05-21T14:07:24.379Z","v":0}
{"name":"hexo","hostname":"Lenovo-PC","pid":11236,"level":20,"msg":"Processed: _posts/SOAP.md","time":"2017-05-21T14:07:24.391Z","v":0}
{"name":"hexo","hostname":"Lenovo-PC","pid":11236,"level":20,"msg":"Generator: page","time":"2017-05-21T14:07:24.539Z","v":0}
{"name":"hexo","hostname":"Lenovo-PC","pid":11236,"level":20,"msg":"Generator: post","time":"2017-05-21T14:07:24.539Z","v":0}
{"name":"hexo","hostname":"Lenovo-PC","pid":11236,"level":20,"msg":"Generator: category","time":"2017-05-21T14:07:24.539Z","v":0}
{"name":"hexo","hostname":"Lenovo-PC","pid":11236,"level":20,"msg":"Generator: archive","time":"2017-05-21T14:07:24.539Z","v":0}
{"name":"hexo","hostname":"Lenovo-PC","pid":11236,"level":20,"msg":"Generator: index","time":"2017-05-21T14:07:24.539Z","v":0}
{"name":"hexo","hostname":"Lenovo-PC","pid":11236,"level":20,"msg":"Generator: tag","time":"2017-05-21T14:07:24.539Z","v":0}
{"name":"hexo","hostname":"Lenovo-PC","pid":11236,"level":20,"msg":"Generator: asset","time":"2017-05-21T14:07:24.541Z","v":0}
{"name":"hexo","hostname":"Lenovo-PC","pid":11236,"level":20,"msg":"Rendering index: index.html","time":"2017-05-21T14:07:30.517Z","v":0}
{"name":"hexo","hostname":"Lenovo-PC","pid":11236,"level":20,"msg":"Processed: _posts/debug.log","time":"2017-05-21T14:08:19.262Z","v":0}
{"name":"hexo","hostname":"Lenovo-PC","pid":11236,"level":20,"msg":"Processed: _posts/SOAP.md","time":"2017-05-21T14:08:19.267Z","v":0}
{"name":"hexo","hostname":"Lenovo-PC","pid":11236,"level":20,"msg":"Generator: page","time":"2017-05-21T14:08:19.403Z","v":0}
{"name":"hexo","hostname":"Lenovo-PC","pid":11236,"level":20,"msg":"Generator: post","time":"2017-05-21T14:08:19.403Z","v":0}
{"name":"hexo","hostname":"Lenovo-PC","pid":11236,"level":20,"msg":"Generator: category","time":"2017-05-21T14:08:19.403Z","v":0}
{"name":"hexo","hostname":"Lenovo-PC","pid":11236,"level":20,"msg":"Generator: archive","time":"2017-05-21T14:08:19.404Z","v":0}
{"name":"hexo","hostname":"Lenovo-PC","pid":11236,"level":20,"msg":"Generator: index","time":"2017-05-21T14:08:19.404Z","v":0}
{"name":"hexo","hostname":"Lenovo-PC","pid":11236,"level":20,"msg":"Generator: tag","time":"2017-05-21T14:08:19.404Z","v":0}
{"name":"hexo","hostname":"Lenovo-PC","pid":11236,"level":20,"msg":"Generator: asset","time":"2017-05-21T14:08:19.404Z","v":0}
{"name":"hexo","hostname":"Lenovo-PC","pid":11236,"level":20,"msg":"Rendering index: index.html","time":"2017-05-21T14:08:20.424Z","v":0}
{"name":"hexo","hostname":"Lenovo-PC","pid":11236,"level":20,"msg":"Processed: _posts/debug.log","time":"2017-05-21T14:08:29.147Z","v":0}
{"name":"hexo","hostname":"Lenovo-PC","pid":11236,"level":20,"msg":"Processed: _posts/SOAP.md","time":"2017-05-21T14:08:29.156Z","v":0}
{"name":"hexo","hostname":"Lenovo-PC","pid":11236,"level":20,"msg":"Generator: page","time":"2017-05-21T14:08:29.330Z","v":0}
{"name":"hexo","hostname":"Lenovo-PC","pid":11236,"level":20,"msg":"Generator: post","time":"2017-05-21T14:08:29.330Z","v":0}
{"name":"hexo","hostname":"Lenovo-PC","pid":11236,"level":20,"msg":"Generator: category","time":"2017-05-21T14:08:29.330Z","v":0}
{"name":"hexo","hostname":"Lenovo-PC","pid":11236,"level":20,"msg":"Generator: archive","time":"2017-05-21T14:08:29.330Z","v":0}
{"name":"hexo","hostname":"Lenovo-PC","pid":11236,"level":20,"msg":"Generator: index","time":"2017-05-21T14:08:29.330Z","v":0}
{"name":"hexo","hostname":"Lenovo-PC","pid":11236,"level":20,"msg":"Generator: tag","time":"2017-05-21T14:08:29.330Z","v":0}
{"name":"hexo","hostname":"Lenovo-PC","pid":11236,"level":20,"msg":"Generator: asset","time":"2017-05-21T14:08:29.331Z","v":0}
{"name":"hexo","hostname":"Lenovo-PC","pid":11236,"level":20,"msg":"Rendering index: index.html","time":"2017-05-21T14:08:34.950Z","v":0}
{"name":"hexo","hostname":"Lenovo-PC","pid":11236,"level":20,"msg":"Processed: _posts/debug.log","time":"2017-05-21T14:09:15.555Z","v":0}
{"name":"hexo","hostname":"Lenovo-PC","pid":11236,"level":20,"msg":"Processed: _posts/SOAP.md","time":"2017-05-21T14:09:15.562Z","v":0}
{"name":"hexo","hostname":"Lenovo-PC","pid":11236,"level":20,"msg":"Generator: page","time":"2017-05-21T14:09:15.694Z","v":0}
{"name":"hexo","hostname":"Lenovo-PC","pid":11236,"level":20,"msg":"Generator: post","time":"2017-05-21T14:09:15.694Z","v":0}
{"name":"hexo","hostname":"Lenovo-PC","pid":11236,"level":20,"msg":"Generator: category","time":"2017-05-21T14:09:15.694Z","v":0}
{"name":"hexo","hostname":"Lenovo-PC","pid":11236,"level":20,"msg":"Generator: archive","time":"2017-05-21T14:09:15.694Z","v":0}
{"name":"hexo","hostname":"Lenovo-PC","pid":11236,"level":20,"msg":"Generator: index","time":"2017-05-21T14:09:15.694Z","v":0}
{"name":"hexo","hostname":"Lenovo-PC","pid":11236,"level":20,"msg":"Generator: tag","time":"2017-05-21T14:09:15.695Z","v":0}
{"name":"hexo","hostname":"Lenovo-PC","pid":11236,"level":20,"msg":"Generator: asset","time":"2017-05-21T14:09:15.696Z","v":0}
{"name":"hexo","hostname":"Lenovo-PC","pid":11236,"level":20,"msg":"Processed: _posts/debug.log","time":"2017-05-21T14:09:15.866Z","v":0}
{"name":"hexo","hostname":"Lenovo-PC","pid":11236,"level":20,"msg":"Processed: _posts/SOAP.md","time":"2017-05-21T14:09:15.873Z","v":0}
{"name":"hexo","hostname":"Lenovo-PC","pid":11236,"level":20,"msg":"Generator: page","time":"2017-05-21T14:09:16.022Z","v":0}
{"name":"hexo","hostname":"Lenovo-PC","pid":11236,"level":20,"msg":"Generator: post","time":"2017-05-21T14:09:16.022Z","v":0}
{"name":"hexo","hostname":"Lenovo-PC","pid":11236,"level":20,"msg":"Generator: category","time":"2017-05-21T14:09:16.022Z","v":0}
{"name":"hexo","hostname":"Lenovo-PC","pid":11236,"level":20,"msg":"Generator: archive","time":"2017-05-21T14:09:16.022Z","v":0}
{"name":"hexo","hostname":"Lenovo-PC","pid":11236,"level":20,"msg":"Generator: index","time":"2017-05-21T14:09:16.022Z","v":0}
{"name":"hexo","hostname":"Lenovo-PC","pid":11236,"level":20,"msg":"Generator: tag","time":"2017-05-21T14:09:16.022Z","v":0}
{"name":"hexo","hostname":"Lenovo-PC","pid":11236,"level":20,"msg":"Generator: asset","time":"2017-05-21T14:09:16.023Z","v":0}
{"name":"hexo","hostname":"Lenovo-PC","pid":11236,"level":20,"msg":"Rendering index: index.html","time":"2017-05-21T14:09:16.942Z","v":0}
{"name":"hexo","hostname":"Lenovo-PC","pid":11236,"level":20,"msg":"Processed: _posts/debug.log","time":"2017-05-21T14:09:35.883Z","v":0}
{"name":"hexo","hostname":"Lenovo-PC","pid":11236,"level":20,"msg":"Processed: _posts/SOAP.md","time":"2017-05-21T14:09:35.895Z","v":0}
{"name":"hexo","hostname":"Lenovo-PC","pid":11236,"level":20,"msg":"Generator: page","time":"2017-05-21T14:09:36.022Z","v":0}
{"name":"hexo","hostname":"Lenovo-PC","pid":11236,"level":20,"msg":"Generator: post","time":"2017-05-21T14:09:36.022Z","v":0}
{"name":"hexo","hostname":"Lenovo-PC","pid":11236,"level":20,"msg":"Generator: category","time":"2017-05-21T14:09:36.022Z","v":0}
{"name":"hexo","hostname":"Lenovo-PC","pid":11236,"level":20,"msg":"Generator: archive","time":"2017-05-21T14:09:36.022Z","v":0}
{"name":"hexo","hostname":"Lenovo-PC","pid":11236,"level":20,"msg":"Generator: index","time":"2017-05-21T14:09:36.022Z","v":0}
{"name":"hexo","hostname":"Lenovo-PC","pid":11236,"level":20,"msg":"Generator: tag","time":"2017-05-21T14:09:36.022Z","v":0}
{"name":"hexo","hostname":"Lenovo-PC","pid":11236,"level":20,"msg":"Generator: asset","time":"2017-05-21T14:09:36.024Z","v":0}
